<?xml version="1.0" encoding="UTF-8"?>
<coverage generated="1618252740477" clover="3.2.0">
  <project timestamp="1618252740477" name="All files">
    <metrics statements="79" coveredstatements="40" conditionals="49" coveredconditionals="7" methods="28" coveredmethods="10" elements="156" coveredelements="57" complexity="0" loc="79" ncloc="79" packages="5" files="13" classes="13"/>
    <package name="assets">
      <metrics statements="1" coveredstatements="1" conditionals="0" coveredconditionals="0" methods="0" coveredmethods="0"/>
      <file name="arrow_back.png" path="/Users/axel/Desktop/projet/Test-Idée/react-native-login-template/src/assets/arrow_back.png">
        <metrics statements="1" coveredstatements="1" conditionals="0" coveredconditionals="0" methods="0" coveredmethods="0"/>
        <line num="1" count="1" type="stmt"/>
      </file>
    </package>
    <package name="components">
      <metrics statements="28" coveredstatements="24" conditionals="20" coveredconditionals="5" methods="10" coveredmethods="5"/>
      <file name="BackButton.js" path="/Users/axel/Desktop/projet/Test-Idée/react-native-login-template/src/components/BackButton.js">
        <metrics statements="3" coveredstatements="3" conditionals="2" coveredconditionals="1" methods="1" coveredmethods="1"/>
        <line num="7" count="2" type="stmt"/>
        <line num="8" count="1" type="stmt"/>
        <line num="20" count="2" type="stmt"/>
      </file>
      <file name="Background.js" path="/Users/axel/Desktop/projet/Test-Idée/react-native-login-template/src/components/Background.js">
        <metrics statements="3" coveredstatements="2" conditionals="2" coveredconditionals="0" methods="1" coveredmethods="0"/>
        <line num="5" count="2" type="stmt"/>
        <line num="6" count="0" type="stmt"/>
        <line num="18" count="2" type="stmt"/>
      </file>
      <file name="Button.js" path="/Users/axel/Desktop/projet/Test-Idée/react-native-login-template/src/components/Button.js">
        <metrics statements="3" coveredstatements="2" conditionals="2" coveredconditionals="0" methods="1" coveredmethods="0"/>
        <line num="6" count="1" type="stmt"/>
        <line num="7" count="0" type="stmt"/>
        <line num="19" count="1" type="stmt"/>
      </file>
      <file name="Header.js" path="/Users/axel/Desktop/projet/Test-Idée/react-native-login-template/src/components/Header.js">
        <metrics statements="2" coveredstatements="2" conditionals="0" coveredconditionals="0" methods="1" coveredmethods="0"/>
        <line num="6" count="2" type="stmt"/>
        <line num="8" count="2" type="stmt"/>
      </file>
      <file name="TextInput.js" path="/Users/axel/Desktop/projet/Test-Idée/react-native-login-template/src/components/TextInput.js">
        <metrics statements="3" coveredstatements="2" conditionals="6" coveredconditionals="0" methods="1" coveredmethods="0"/>
        <line num="6" count="1" type="stmt"/>
        <line num="7" count="0" type="stmt"/>
        <line num="23" count="1" type="stmt"/>
      </file>
      <file name="VehiculeCard.js" path="/Users/axel/Desktop/projet/Test-Idée/react-native-login-template/src/components/VehiculeCard.js">
        <metrics statements="14" coveredstatements="13" conditionals="8" coveredconditionals="4" methods="5" coveredmethods="4"/>
        <line num="6" count="2" type="stmt"/>
        <line num="8" count="2" type="stmt"/>
        <line num="9" count="1" type="stmt"/>
        <line num="12" count="1" type="stmt"/>
        <line num="36" count="1" type="stmt"/>
        <line num="48" count="2" type="stmt"/>
        <line num="85" count="3" type="stmt"/>
        <line num="87" count="3" type="stmt"/>
        <line num="88" count="3" type="stmt"/>
        <line num="89" count="3" type="stmt"/>
        <line num="91" count="3" type="stmt"/>
        <line num="98" count="3" type="cond" truecount="1" falsecount="1"/>
        <line num="100" count="0" type="stmt"/>
        <line num="104" count="3" type="stmt"/>
      </file>
    </package>
    <package name="core">
      <metrics statements="1" coveredstatements="1" conditionals="0" coveredconditionals="0" methods="0" coveredmethods="0"/>
      <file name="theme.js" path="/Users/axel/Desktop/projet/Test-Idée/react-native-login-template/src/core/theme.js">
        <metrics statements="1" coveredstatements="1" conditionals="0" coveredconditionals="0" methods="0" coveredmethods="0"/>
        <line num="3" count="2" type="stmt"/>
      </file>
    </package>
    <package name="helpers">
      <metrics statements="13" coveredstatements="0" conditionals="22" coveredconditionals="0" methods="3" coveredmethods="0"/>
      <file name="emailValidator.js" path="/Users/axel/Desktop/projet/Test-Idée/react-native-login-template/src/helpers/emailValidator.js">
        <metrics statements="4" coveredstatements="0" conditionals="6" coveredconditionals="0" methods="1" coveredmethods="0"/>
        <line num="2" count="0" type="stmt"/>
        <line num="3" count="0" type="cond" truecount="0" falsecount="4"/>
        <line num="4" count="0" type="cond" truecount="0" falsecount="2"/>
        <line num="5" count="0" type="stmt"/>
      </file>
      <file name="nameValidator.js" path="/Users/axel/Desktop/projet/Test-Idée/react-native-login-template/src/helpers/nameValidator.js">
        <metrics statements="2" coveredstatements="0" conditionals="4" coveredconditionals="0" methods="1" coveredmethods="0"/>
        <line num="2" count="0" type="cond" truecount="0" falsecount="4"/>
        <line num="3" count="0" type="stmt"/>
      </file>
      <file name="phoneValidator.js" path="/Users/axel/Desktop/projet/Test-Idée/react-native-login-template/src/helpers/phoneValidator.js">
        <metrics statements="7" coveredstatements="0" conditionals="12" coveredconditionals="0" methods="1" coveredmethods="0"/>
        <line num="2" count="0" type="stmt"/>
        <line num="3" count="0" type="stmt"/>
        <line num="4" count="0" type="cond" truecount="0" falsecount="4"/>
        <line num="5" count="0" type="cond" truecount="0" falsecount="2"/>
        <line num="6" count="0" type="cond" truecount="0" falsecount="2"/>
        <line num="7" count="0" type="cond" truecount="0" falsecount="4"/>
        <line num="8" count="0" type="stmt"/>
      </file>
    </package>
    <package name="screens">
      <metrics statements="36" coveredstatements="14" conditionals="7" coveredconditionals="2" methods="15" coveredmethods="5"/>
      <file name="Dashboard.js" path="/Users/axel/Desktop/projet/Test-Idée/react-native-login-template/src/screens/Dashboard.js">
        <metrics statements="10" coveredstatements="7" conditionals="2" coveredconditionals="2" methods="7" coveredmethods="4"/>
        <line num="86" count="1" type="stmt"/>
        <line num="87" count="1" type="stmt"/>
        <line num="97" count="1" type="stmt"/>
        <line num="99" count="1" type="stmt"/>
        <line num="100" count="0" type="stmt"/>
        <line num="110" count="1" type="stmt"/>
        <line num="111" count="0" type="stmt"/>
        <line num="116" count="2" type="stmt"/>
        <line num="142" count="2" type="stmt"/>
        <line num="143" count="0" type="stmt"/>
      </file>
      <file name="InformationsScreen.js" path="/Users/axel/Desktop/projet/Test-Idée/react-native-login-template/src/screens/InformationsScreen.js">
        <metrics statements="26" coveredstatements="7" conditionals="5" coveredconditionals="0" methods="8" coveredmethods="1"/>
        <line num="15" count="1" type="stmt"/>
        <line num="16" count="1" type="stmt"/>
        <line num="17" count="1" type="stmt"/>
        <line num="18" count="1" type="stmt"/>
        <line num="19" count="1" type="stmt"/>
        <line num="22" count="1" type="stmt"/>
        <line num="23" count="0" type="stmt"/>
        <line num="24" count="0" type="stmt"/>
        <line num="25" count="0" type="stmt"/>
        <line num="26" count="0" type="stmt"/>
        <line num="27" count="0" type="cond" truecount="0" falsecount="5"/>
        <line num="28" count="0" type="stmt"/>
        <line num="29" count="0" type="stmt"/>
        <line num="30" count="0" type="stmt"/>
        <line num="31" count="0" type="stmt"/>
        <line num="32" count="0" type="stmt"/>
        <line num="35" count="0" type="stmt"/>
        <line num="45" count="0" type="stmt"/>
        <line num="46" count="0" type="stmt"/>
        <line num="50" count="0" type="stmt"/>
        <line num="52" count="0" type="stmt"/>
        <line num="58" count="1" type="stmt"/>
        <line num="67" count="0" type="stmt"/>
        <line num="75" count="0" type="stmt"/>
        <line num="83" count="0" type="stmt"/>
        <line num="95" count="0" type="stmt"/>
      </file>
    </package>
  </project>
</coverage>
