{"/Users/axel/Desktop/projet/Test-Idée/react-native-login-template/src/assets/arrow_back.png": {"path":"/Users/axel/Desktop/projet/Test-Idée/react-native-login-template/src/assets/arrow_back.png","statementMap":{"0":{"start":{"line":1,"column":0},"end":{"line":1,"column":19}}},"fnMap":{},"branchMap":{},"s":{"0":1},"f":{},"b":{},"inputSourceMap":null,"_coverageSchema":"1a1c01bbd47fc00a2c39e90264f33305004495a9","hash":"6318b4ebcc40283fa37be445585714fa7f614836"}
,"/Users/axel/Desktop/projet/Test-Idée/react-native-login-template/src/components/BackButton.js": {"path":"/Users/axel/Desktop/projet/Test-Idée/react-native-login-template/src/components/BackButton.js","statementMap":{"0":{"start":{"line":7,"column":19},"end":{"line":18,"column":1}},"1":{"start":{"line":8,"column":2},"end":{"line":17,"column":5}},"2":{"start":{"line":20,"column":15},"end":{"line":33,"column":2}}},"fnMap":{"0":{"name":"(anonymous_0)","decl":{"start":{"line":7,"column":19},"end":{"line":7,"column":20}},"loc":{"start":{"line":8,"column":2},"end":{"line":17,"column":5}},"line":8}},"branchMap":{"0":{"loc":{"start":{"line":11,"column":8},"end":{"line":14,"column":85}},"type":"cond-expr","locations":[{"start":{"line":12,"column":10},"end":{"line":12,"column":91}},{"start":{"line":14,"column":10},"end":{"line":14,"column":85}}],"line":11}},"s":{"0":2,"1":1,"2":2},"f":{"0":1},"b":{"0":[0,1]},"_coverageSchema":"1a1c01bbd47fc00a2c39e90264f33305004495a9","hash":"4d06f67498e17e56a93f496ca9a373906d8d6afd"}
,"/Users/axel/Desktop/projet/Test-Idée/react-native-login-template/src/components/Background.js": {"path":"/Users/axel/Desktop/projet/Test-Idée/react-native-login-template/src/components/Background.js","statementMap":{"0":{"start":{"line":5,"column":19},"end":{"line":15,"column":1}},"1":{"start":{"line":6,"column":2},"end":{"line":14,"column":20}},"2":{"start":{"line":18,"column":15},"end":{"line":45,"column":2}}},"fnMap":{"0":{"name":"(anonymous_0)","decl":{"start":{"line":5,"column":19},"end":{"line":5,"column":20}},"loc":{"start":{"line":6,"column":2},"end":{"line":14,"column":20}},"line":6}},"branchMap":{"0":{"loc":{"start":{"line":11,"column":33},"end":{"line":11,"column":95}},"type":"cond-expr","locations":[{"start":{"line":11,"column":56},"end":{"line":11,"column":76}},{"start":{"line":11,"column":79},"end":{"line":11,"column":95}}],"line":11}},"s":{"0":2,"1":0,"2":2},"f":{"0":0},"b":{"0":[0,0]},"_coverageSchema":"1a1c01bbd47fc00a2c39e90264f33305004495a9","hash":"5c42d56263e5ca4e498369c5ea0e4f8b400bc7d9"}
,"/Users/axel/Desktop/projet/Test-Idée/react-native-login-template/src/components/Button.js": {"path":"/Users/axel/Desktop/projet/Test-Idée/react-native-login-template/src/components/Button.js","statementMap":{"0":{"start":{"line":6,"column":15},"end":{"line":17,"column":1}},"1":{"start":{"line":7,"column":2},"end":{"line":16,"column":4}},"2":{"start":{"line":19,"column":15},"end":{"line":30,"column":2}}},"fnMap":{"0":{"name":"(anonymous_0)","decl":{"start":{"line":6,"column":15},"end":{"line":6,"column":16}},"loc":{"start":{"line":7,"column":2},"end":{"line":16,"column":4}},"line":7}},"branchMap":{"0":{"loc":{"start":{"line":10,"column":6},"end":{"line":10,"column":70}},"type":"binary-expr","locations":[{"start":{"line":10,"column":6},"end":{"line":10,"column":25}},{"start":{"line":10,"column":29},"end":{"line":10,"column":70}}],"line":10}},"s":{"0":1,"1":0,"2":1},"f":{"0":0},"b":{"0":[0,0]},"_coverageSchema":"1a1c01bbd47fc00a2c39e90264f33305004495a9","hash":"f2b00b3baa16d26e9864843eb85130d88d3495f6"}
,"/Users/axel/Desktop/projet/Test-Idée/react-native-login-template/src/components/Header.js": {"path":"/Users/axel/Desktop/projet/Test-Idée/react-native-login-template/src/components/Header.js","statementMap":{"0":{"start":{"line":6,"column":15},"end":{"line":6,"column":67}},"1":{"start":{"line":6,"column":26},"end":{"line":6,"column":67}},"2":{"start":{"line":8,"column":15},"end":{"line":15,"column":2}}},"fnMap":{"0":{"name":"(anonymous_0)","decl":{"start":{"line":6,"column":15},"end":{"line":6,"column":16}},"loc":{"start":{"line":6,"column":26},"end":{"line":6,"column":67}},"line":6}},"branchMap":{},"s":{"0":2,"1":0,"2":2},"f":{"0":0},"b":{},"_coverageSchema":"1a1c01bbd47fc00a2c39e90264f33305004495a9","hash":"2a2b92f1e3f48c25563dc9b64977514d22698ce3"}
,"/Users/axel/Desktop/projet/Test-Idée/react-native-login-template/src/components/TextInput.js": {"path":"/Users/axel/Desktop/projet/Test-Idée/react-native-login-template/src/components/TextInput.js","statementMap":{"0":{"start":{"line":6,"column":18},"end":{"line":21,"column":1}},"1":{"start":{"line":7,"column":2},"end":{"line":20,"column":9}},"2":{"start":{"line":23,"column":15},"end":{"line":41,"column":2}}},"fnMap":{"0":{"name":"(anonymous_0)","decl":{"start":{"line":6,"column":18},"end":{"line":6,"column":19}},"loc":{"start":{"line":7,"column":2},"end":{"line":20,"column":9}},"line":7}},"branchMap":{"0":{"loc":{"start":{"line":16,"column":5},"end":{"line":18,"column":12}},"type":"cond-expr","locations":[{"start":{"line":17,"column":6},"end":{"line":17,"column":59}},{"start":{"line":18,"column":8},"end":{"line":18,"column":12}}],"line":16},"1":{"loc":{"start":{"line":16,"column":5},"end":{"line":16,"column":30}},"type":"binary-expr","locations":[{"start":{"line":16,"column":5},"end":{"line":16,"column":16}},{"start":{"line":16,"column":20},"end":{"line":16,"column":30}}],"line":16},"2":{"loc":{"start":{"line":19,"column":5},"end":{"line":19,"column":69}},"type":"cond-expr","locations":[{"start":{"line":19,"column":17},"end":{"line":19,"column":62}},{"start":{"line":19,"column":65},"end":{"line":19,"column":69}}],"line":19}},"s":{"0":1,"1":0,"2":1},"f":{"0":0},"b":{"0":[0,0],"1":[0,0],"2":[0,0]},"_coverageSchema":"1a1c01bbd47fc00a2c39e90264f33305004495a9","hash":"91c48df7b45c3ff91e0d1139663ec42846fa40d1"}
,"/Users/axel/Desktop/projet/Test-Idée/react-native-login-template/src/components/VehiculeCard.js": {"path":"/Users/axel/Desktop/projet/Test-Idée/react-native-login-template/src/components/VehiculeCard.js","statementMap":{"0":{"start":{"line":6,"column":20},"end":{"line":6,"column":69}},"1":{"start":{"line":6,"column":29},"end":{"line":6,"column":69}},"2":{"start":{"line":8,"column":21},"end":{"line":42,"column":1}},"3":{"start":{"line":9,"column":4},"end":{"line":40,"column":12}},"4":{"start":{"line":12,"column":87},"end":{"line":12,"column":142}},"5":{"start":{"line":36,"column":45},"end":{"line":36,"column":93}},"6":{"start":{"line":48,"column":15},"end":{"line":77,"column":2}},"7":{"start":{"line":85,"column":4},"end":{"line":85,"column":86}},"8":{"start":{"line":87,"column":4},"end":{"line":87,"column":17}},"9":{"start":{"line":88,"column":4},"end":{"line":88,"column":17}},"10":{"start":{"line":89,"column":4},"end":{"line":89,"column":17}},"11":{"start":{"line":91,"column":4},"end":{"line":95,"column":6}},"12":{"start":{"line":98,"column":4},"end":{"line":105,"column":5}},"13":{"start":{"line":100,"column":8},"end":{"line":100,"column":23}},"14":{"start":{"line":104,"column":8},"end":{"line":104,"column":22}}},"fnMap":{"0":{"name":"(anonymous_0)","decl":{"start":{"line":6,"column":20},"end":{"line":6,"column":21}},"loc":{"start":{"line":6,"column":29},"end":{"line":6,"column":69}},"line":6},"1":{"name":"(anonymous_1)","decl":{"start":{"line":8,"column":21},"end":{"line":8,"column":22}},"loc":{"start":{"line":9,"column":4},"end":{"line":40,"column":12}},"line":9},"2":{"name":"(anonymous_2)","decl":{"start":{"line":12,"column":81},"end":{"line":12,"column":82}},"loc":{"start":{"line":12,"column":87},"end":{"line":12,"column":142}},"line":12},"3":{"name":"(anonymous_3)","decl":{"start":{"line":36,"column":39},"end":{"line":36,"column":40}},"loc":{"start":{"line":36,"column":45},"end":{"line":36,"column":93}},"line":36},"4":{"name":"lightOrDark","decl":{"start":{"line":80,"column":9},"end":{"line":80,"column":20}},"loc":{"start":{"line":80,"column":28},"end":{"line":106,"column":1}},"line":80}},"branchMap":{"0":{"loc":{"start":{"line":25,"column":38},"end":{"line":25,"column":122}},"type":"cond-expr","locations":[{"start":{"line":25,"column":83},"end":{"line":25,"column":101}},{"start":{"line":25,"column":104},"end":{"line":25,"column":122}}],"line":25},"1":{"loc":{"start":{"line":26,"column":42},"end":{"line":26,"column":126}},"type":"cond-expr","locations":[{"start":{"line":26,"column":87},"end":{"line":26,"column":105}},{"start":{"line":26,"column":108},"end":{"line":26,"column":126}}],"line":26},"2":{"loc":{"start":{"line":29,"column":42},"end":{"line":29,"column":126}},"type":"cond-expr","locations":[{"start":{"line":29,"column":87},"end":{"line":29,"column":105}},{"start":{"line":29,"column":108},"end":{"line":29,"column":126}}],"line":29},"3":{"loc":{"start":{"line":98,"column":4},"end":{"line":105,"column":5}},"type":"if","locations":[{"start":{"line":98,"column":4},"end":{"line":105,"column":5}},{"start":{"line":98,"column":4},"end":{"line":105,"column":5}}],"line":98}},"s":{"0":2,"1":0,"2":2,"3":3,"4":1,"5":1,"6":2,"7":9,"8":9,"9":9,"10":9,"11":9,"12":9,"13":0,"14":9},"f":{"0":0,"1":3,"2":1,"3":1,"4":9},"b":{"0":[3,0],"1":[3,0],"2":[3,0],"3":[0,9]},"_coverageSchema":"1a1c01bbd47fc00a2c39e90264f33305004495a9","hash":"e12472cb7c498dc659143a5275ecc872309bf10e"}
,"/Users/axel/Desktop/projet/Test-Idée/react-native-login-template/src/core/theme.js": {"path":"/Users/axel/Desktop/projet/Test-Idée/react-native-login-template/src/core/theme.js","statementMap":{"0":{"start":{"line":3,"column":21},"end":{"line":12,"column":1}}},"fnMap":{},"branchMap":{},"s":{"0":2},"f":{},"b":{},"_coverageSchema":"1a1c01bbd47fc00a2c39e90264f33305004495a9","hash":"b33a0b3df0b162587843566a3ee4f4fcca90f327"}
,"/Users/axel/Desktop/projet/Test-Idée/react-native-login-template/src/helpers/emailValidator.js": {"path":"/Users/axel/Desktop/projet/Test-Idée/react-native-login-template/src/helpers/emailValidator.js","statementMap":{"0":{"start":{"line":2,"column":13},"end":{"line":2,"column":27}},"1":{"start":{"line":3,"column":2},"end":{"line":3,"column":78}},"2":{"start":{"line":3,"column":35},"end":{"line":3,"column":78}},"3":{"start":{"line":4,"column":2},"end":{"line":4,"column":74}},"4":{"start":{"line":4,"column":23},"end":{"line":4,"column":74}},"5":{"start":{"line":5,"column":2},"end":{"line":5,"column":11}}},"fnMap":{"0":{"name":"emailValidator","decl":{"start":{"line":1,"column":16},"end":{"line":1,"column":30}},"loc":{"start":{"line":1,"column":38},"end":{"line":6,"column":1}},"line":1}},"branchMap":{"0":{"loc":{"start":{"line":3,"column":2},"end":{"line":3,"column":78}},"type":"if","locations":[{"start":{"line":3,"column":2},"end":{"line":3,"column":78}},{"start":{"line":3,"column":2},"end":{"line":3,"column":78}}],"line":3},"1":{"loc":{"start":{"line":3,"column":6},"end":{"line":3,"column":33}},"type":"binary-expr","locations":[{"start":{"line":3,"column":6},"end":{"line":3,"column":12}},{"start":{"line":3,"column":16},"end":{"line":3,"column":33}}],"line":3},"2":{"loc":{"start":{"line":4,"column":2},"end":{"line":4,"column":74}},"type":"if","locations":[{"start":{"line":4,"column":2},"end":{"line":4,"column":74}},{"start":{"line":4,"column":2},"end":{"line":4,"column":74}}],"line":4}},"s":{"0":0,"1":0,"2":0,"3":0,"4":0,"5":0},"f":{"0":0},"b":{"0":[0,0],"1":[0,0],"2":[0,0]},"_coverageSchema":"1a1c01bbd47fc00a2c39e90264f33305004495a9","hash":"177f0fbf766d9d6848c3945a9c8cc9c10ae18a38"}
,"/Users/axel/Desktop/projet/Test-Idée/react-native-login-template/src/helpers/nameValidator.js": {"path":"/Users/axel/Desktop/projet/Test-Idée/react-native-login-template/src/helpers/nameValidator.js","statementMap":{"0":{"start":{"line":2,"column":2},"end":{"line":2,"column":73}},"1":{"start":{"line":2,"column":33},"end":{"line":2,"column":73}},"2":{"start":{"line":3,"column":2},"end":{"line":3,"column":11}}},"fnMap":{"0":{"name":"nameValidator","decl":{"start":{"line":1,"column":16},"end":{"line":1,"column":29}},"loc":{"start":{"line":1,"column":36},"end":{"line":4,"column":1}},"line":1}},"branchMap":{"0":{"loc":{"start":{"line":2,"column":2},"end":{"line":2,"column":73}},"type":"if","locations":[{"start":{"line":2,"column":2},"end":{"line":2,"column":73}},{"start":{"line":2,"column":2},"end":{"line":2,"column":73}}],"line":2},"1":{"loc":{"start":{"line":2,"column":6},"end":{"line":2,"column":31}},"type":"binary-expr","locations":[{"start":{"line":2,"column":6},"end":{"line":2,"column":11}},{"start":{"line":2,"column":15},"end":{"line":2,"column":31}}],"line":2}},"s":{"0":0,"1":0,"2":0},"f":{"0":0},"b":{"0":[0,0],"1":[0,0]},"_coverageSchema":"1a1c01bbd47fc00a2c39e90264f33305004495a9","hash":"53f33af6884b70699852e9c664e3d1fb4c202fd1"}
,"/Users/axel/Desktop/projet/Test-Idée/react-native-login-template/src/helpers/phoneValidator.js": {"path":"/Users/axel/Desktop/projet/Test-Idée/react-native-login-template/src/helpers/phoneValidator.js","statementMap":{"0":{"start":{"line":2,"column":13},"end":{"line":2,"column":18}},"1":{"start":{"line":3,"column":14},"end":{"line":3,"column":21}},"2":{"start":{"line":4,"column":2},"end":{"line":4,"column":89}},"3":{"start":{"line":4,"column":35},"end":{"line":4,"column":89}},"4":{"start":{"line":5,"column":2},"end":{"line":5,"column":75}},"5":{"start":{"line":5,"column":25},"end":{"line":5,"column":75}},"6":{"start":{"line":6,"column":2},"end":{"line":6,"column":78}},"7":{"start":{"line":6,"column":24},"end":{"line":6,"column":78}},"8":{"start":{"line":7,"column":2},"end":{"line":7,"column":71}},"9":{"start":{"line":7,"column":35},"end":{"line":7,"column":71}},"10":{"start":{"line":8,"column":2},"end":{"line":8,"column":11}}},"fnMap":{"0":{"name":"phoneValidator","decl":{"start":{"line":1,"column":16},"end":{"line":1,"column":30}},"loc":{"start":{"line":1,"column":38},"end":{"line":9,"column":1}},"line":1}},"branchMap":{"0":{"loc":{"start":{"line":4,"column":2},"end":{"line":4,"column":89}},"type":"if","locations":[{"start":{"line":4,"column":2},"end":{"line":4,"column":89}},{"start":{"line":4,"column":2},"end":{"line":4,"column":89}}],"line":4},"1":{"loc":{"start":{"line":4,"column":6},"end":{"line":4,"column":33}},"type":"binary-expr","locations":[{"start":{"line":4,"column":6},"end":{"line":4,"column":12}},{"start":{"line":4,"column":16},"end":{"line":4,"column":33}}],"line":4},"2":{"loc":{"start":{"line":5,"column":2},"end":{"line":5,"column":75}},"type":"if","locations":[{"start":{"line":5,"column":2},"end":{"line":5,"column":75}},{"start":{"line":5,"column":2},"end":{"line":5,"column":75}}],"line":5},"3":{"loc":{"start":{"line":6,"column":2},"end":{"line":6,"column":78}},"type":"if","locations":[{"start":{"line":6,"column":2},"end":{"line":6,"column":78}},{"start":{"line":6,"column":2},"end":{"line":6,"column":78}}],"line":6},"4":{"loc":{"start":{"line":7,"column":2},"end":{"line":7,"column":71}},"type":"if","locations":[{"start":{"line":7,"column":2},"end":{"line":7,"column":71}},{"start":{"line":7,"column":2},"end":{"line":7,"column":71}}],"line":7},"5":{"loc":{"start":{"line":7,"column":6},"end":{"line":7,"column":33}},"type":"binary-expr","locations":[{"start":{"line":7,"column":6},"end":{"line":7,"column":12}},{"start":{"line":7,"column":16},"end":{"line":7,"column":33}}],"line":7}},"s":{"0":0,"1":0,"2":0,"3":0,"4":0,"5":0,"6":0,"7":0,"8":0,"9":0,"10":0},"f":{"0":0},"b":{"0":[0,0],"1":[0,0],"2":[0,0],"3":[0,0],"4":[0,0],"5":[0,0]},"_coverageSchema":"1a1c01bbd47fc00a2c39e90264f33305004495a9","hash":"68aa4d0b8763819cf948e501705a6697c5e1aeb3"}
,"/Users/axel/Desktop/projet/Test-Idée/react-native-login-template/src/screens/Dashboard.js": {"path":"/Users/axel/Desktop/projet/Test-Idée/react-native-login-template/src/screens/Dashboard.js","statementMap":{"0":{"start":{"line":86,"column":4},"end":{"line":86,"column":17}},"1":{"start":{"line":87,"column":4},"end":{"line":93,"column":6}},"2":{"start":{"line":97,"column":22},"end":{"line":102,"column":3}},"3":{"start":{"line":99,"column":17},"end":{"line":99,"column":65}},"4":{"start":{"line":100,"column":4},"end":{"line":100,"column":36}},"5":{"start":{"line":110,"column":13},"end":{"line":112,"column":3}},"6":{"start":{"line":111,"column":4},"end":{"line":111,"column":54}},"7":{"start":{"line":116,"column":4},"end":{"line":156,"column":5}},"8":{"start":{"line":142,"column":14},"end":{"line":144,"column":21}},"9":{"start":{"line":143,"column":94},"end":{"line":143,"column":127}},"10":{"start":{"line":143,"column":141},"end":{"line":143,"column":186}}},"fnMap":{"0":{"name":"(anonymous_0)","decl":{"start":{"line":85,"column":2},"end":{"line":85,"column":3}},"loc":{"start":{"line":85,"column":21},"end":{"line":94,"column":3}},"line":85},"1":{"name":"(anonymous_1)","decl":{"start":{"line":97,"column":22},"end":{"line":97,"column":23}},"loc":{"start":{"line":97,"column":34},"end":{"line":102,"column":3}},"line":97},"2":{"name":"(anonymous_2)","decl":{"start":{"line":110,"column":13},"end":{"line":110,"column":14}},"loc":{"start":{"line":110,"column":27},"end":{"line":112,"column":3}},"line":110},"3":{"name":"(anonymous_3)","decl":{"start":{"line":115,"column":2},"end":{"line":115,"column":3}},"loc":{"start":{"line":115,"column":11},"end":{"line":157,"column":3}},"line":115},"4":{"name":"(anonymous_4)","decl":{"start":{"line":141,"column":32},"end":{"line":141,"column":33}},"loc":{"start":{"line":142,"column":14},"end":{"line":144,"column":21}},"line":142},"5":{"name":"(anonymous_5)","decl":{"start":{"line":143,"column":88},"end":{"line":143,"column":89}},"loc":{"start":{"line":143,"column":94},"end":{"line":143,"column":127}},"line":143},"6":{"name":"(anonymous_6)","decl":{"start":{"line":143,"column":135},"end":{"line":143,"column":136}},"loc":{"start":{"line":143,"column":141},"end":{"line":143,"column":186}},"line":143}},"branchMap":{"0":{"loc":{"start":{"line":140,"column":13},"end":{"line":147,"column":16}},"type":"cond-expr","locations":[{"start":{"line":141,"column":12},"end":{"line":145,"column":13}},{"start":{"line":147,"column":12},"end":{"line":147,"column":16}}],"line":140}},"s":{"0":1,"1":1,"2":1,"3":1,"4":0,"5":1,"6":0,"7":2,"8":2,"9":0,"10":0},"f":{"0":1,"1":1,"2":0,"3":2,"4":2,"5":0,"6":0},"b":{"0":[1,1]},"_coverageSchema":"1a1c01bbd47fc00a2c39e90264f33305004495a9","hash":"c7cd00092f2cd772e3df5d70890f4cf20633061d"}
,"/Users/axel/Desktop/projet/Test-Idée/react-native-login-template/src/screens/InformationsScreen.js": {"path":"/Users/axel/Desktop/projet/Test-Idée/react-native-login-template/src/screens/InformationsScreen.js","statementMap":{"0":{"start":{"line":15,"column":27},"end":{"line":109,"column":1}},"1":{"start":{"line":16,"column":24},"end":{"line":16,"column":58}},"2":{"start":{"line":17,"column":30},"end":{"line":17,"column":64}},"3":{"start":{"line":18,"column":28},"end":{"line":18,"column":62}},"4":{"start":{"line":19,"column":28},"end":{"line":19,"column":62}},"5":{"start":{"line":22,"column":26},"end":{"line":56,"column":3}},"6":{"start":{"line":23,"column":22},"end":{"line":23,"column":49}},"7":{"start":{"line":24,"column":23},"end":{"line":24,"column":50}},"8":{"start":{"line":25,"column":23},"end":{"line":25,"column":50}},"9":{"start":{"line":26,"column":22},"end":{"line":26,"column":71}},"10":{"start":{"line":27,"column":4},"end":{"line":33,"column":5}},"11":{"start":{"line":28,"column":6},"end":{"line":28,"column":48}},"12":{"start":{"line":29,"column":6},"end":{"line":29,"column":42}},"13":{"start":{"line":30,"column":6},"end":{"line":30,"column":47}},"14":{"start":{"line":31,"column":6},"end":{"line":31,"column":47}},"15":{"start":{"line":32,"column":6},"end":{"line":32,"column":12}},"16":{"start":{"line":35,"column":4},"end":{"line":53,"column":9}},"17":{"start":{"line":45,"column":8},"end":{"line":45,"column":37}},"18":{"start":{"line":46,"column":8},"end":{"line":49,"column":9}},"19":{"start":{"line":50,"column":8},"end":{"line":50,"column":30}},"20":{"start":{"line":52,"column":8},"end":{"line":52,"column":27}},"21":{"start":{"line":58,"column":2},"end":{"line":108,"column":3}},"22":{"start":{"line":67,"column":32},"end":{"line":67,"column":66}},"23":{"start":{"line":75,"column":32},"end":{"line":75,"column":69}},"24":{"start":{"line":83,"column":32},"end":{"line":83,"column":68}},"25":{"start":{"line":95,"column":32},"end":{"line":95,"column":68}}},"fnMap":{"0":{"name":"(anonymous_0)","decl":{"start":{"line":15,"column":27},"end":{"line":15,"column":28}},"loc":{"start":{"line":15,"column":54},"end":{"line":109,"column":1}},"line":15},"1":{"name":"(anonymous_1)","decl":{"start":{"line":22,"column":26},"end":{"line":22,"column":27}},"loc":{"start":{"line":22,"column":38},"end":{"line":56,"column":3}},"line":22},"2":{"name":"(anonymous_2)","decl":{"start":{"line":44,"column":12},"end":{"line":44,"column":13}},"loc":{"start":{"line":44,"column":26},"end":{"line":51,"column":7}},"line":44},"3":{"name":"(anonymous_3)","decl":{"start":{"line":51,"column":9},"end":{"line":51,"column":10}},"loc":{"start":{"line":51,"column":20},"end":{"line":53,"column":7}},"line":51},"4":{"name":"(anonymous_4)","decl":{"start":{"line":67,"column":22},"end":{"line":67,"column":23}},"loc":{"start":{"line":67,"column":32},"end":{"line":67,"column":66}},"line":67},"5":{"name":"(anonymous_5)","decl":{"start":{"line":75,"column":22},"end":{"line":75,"column":23}},"loc":{"start":{"line":75,"column":32},"end":{"line":75,"column":69}},"line":75},"6":{"name":"(anonymous_6)","decl":{"start":{"line":83,"column":22},"end":{"line":83,"column":23}},"loc":{"start":{"line":83,"column":32},"end":{"line":83,"column":68}},"line":83},"7":{"name":"(anonymous_7)","decl":{"start":{"line":95,"column":22},"end":{"line":95,"column":23}},"loc":{"start":{"line":95,"column":32},"end":{"line":95,"column":68}},"line":95}},"branchMap":{"0":{"loc":{"start":{"line":27,"column":4},"end":{"line":33,"column":5}},"type":"if","locations":[{"start":{"line":27,"column":4},"end":{"line":33,"column":5}},{"start":{"line":27,"column":4},"end":{"line":33,"column":5}}],"line":27},"1":{"loc":{"start":{"line":27,"column":8},"end":{"line":27,"column":45}},"type":"binary-expr","locations":[{"start":{"line":27,"column":8},"end":{"line":27,"column":18}},{"start":{"line":27,"column":22},"end":{"line":27,"column":32}},{"start":{"line":27,"column":36},"end":{"line":27,"column":45}}],"line":27}},"s":{"0":1,"1":1,"2":1,"3":1,"4":1,"5":1,"6":0,"7":0,"8":0,"9":0,"10":0,"11":0,"12":0,"13":0,"14":0,"15":0,"16":0,"17":0,"18":0,"19":0,"20":0,"21":1,"22":0,"23":0,"24":0,"25":0},"f":{"0":1,"1":0,"2":0,"3":0,"4":0,"5":0,"6":0,"7":0},"b":{"0":[0,0],"1":[0,0,0]},"_coverageSchema":"1a1c01bbd47fc00a2c39e90264f33305004495a9","hash":"0662815afb2913c834ce4b4bcf7dd908131b81a3"}
}
