{"/Users/axel/Desktop/projet/Test-Idée/react-native-login-template/src/assets/arrow_back.png": {"path":"/Users/axel/Desktop/projet/Test-Idée/react-native-login-template/src/assets/arrow_back.png","statementMap":{"0":{"start":{"line":1,"column":0},"end":{"line":1,"column":19}}},"fnMap":{},"branchMap":{},"s":{"0":1},"f":{},"b":{},"inputSourceMap":null,"_coverageSchema":"1a1c01bbd47fc00a2c39e90264f33305004495a9","hash":"6318b4ebcc40283fa37be445585714fa7f614836"}
,"/Users/axel/Desktop/projet/Test-Idée/react-native-login-template/src/components/BackButton.js": {"path":"/Users/axel/Desktop/projet/Test-Idée/react-native-login-template/src/components/BackButton.js","statementMap":{"0":{"start":{"line":7,"column":19},"end":{"line":18,"column":1}},"1":{"start":{"line":8,"column":2},"end":{"line":17,"column":5}},"2":{"start":{"line":20,"column":15},"end":{"line":33,"column":2}}},"fnMap":{"0":{"name":"(anonymous_0)","decl":{"start":{"line":7,"column":19},"end":{"line":7,"column":20}},"loc":{"start":{"line":8,"column":2},"end":{"line":17,"column":5}},"line":8}},"branchMap":{"0":{"loc":{"start":{"line":11,"column":8},"end":{"line":14,"column":85}},"type":"cond-expr","locations":[{"start":{"line":12,"column":10},"end":{"line":12,"column":91}},{"start":{"line":14,"column":10},"end":{"line":14,"column":85}}],"line":11}},"s":{"0":4,"1":1,"2":4},"f":{"0":1},"b":{"0":[0,1]},"_coverageSchema":"1a1c01bbd47fc00a2c39e90264f33305004495a9","hash":"4d06f67498e17e56a93f496ca9a373906d8d6afd"}
,"/Users/axel/Desktop/projet/Test-Idée/react-native-login-template/src/components/Background.js": {"path":"/Users/axel/Desktop/projet/Test-Idée/react-native-login-template/src/components/Background.js","statementMap":{"0":{"start":{"line":5,"column":19},"end":{"line":15,"column":1}},"1":{"start":{"line":6,"column":2},"end":{"line":14,"column":20}},"2":{"start":{"line":18,"column":15},"end":{"line":45,"column":2}}},"fnMap":{"0":{"name":"(anonymous_0)","decl":{"start":{"line":5,"column":19},"end":{"line":5,"column":20}},"loc":{"start":{"line":6,"column":2},"end":{"line":14,"column":20}},"line":6}},"branchMap":{"0":{"loc":{"start":{"line":11,"column":33},"end":{"line":11,"column":95}},"type":"cond-expr","locations":[{"start":{"line":11,"column":56},"end":{"line":11,"column":76}},{"start":{"line":11,"column":79},"end":{"line":11,"column":95}}],"line":11}},"s":{"0":4,"1":0,"2":4},"f":{"0":0},"b":{"0":[0,0]},"_coverageSchema":"1a1c01bbd47fc00a2c39e90264f33305004495a9","hash":"5c42d56263e5ca4e498369c5ea0e4f8b400bc7d9"}
,"/Users/axel/Desktop/projet/Test-Idée/react-native-login-template/src/components/Button.js": {"path":"/Users/axel/Desktop/projet/Test-Idée/react-native-login-template/src/components/Button.js","statementMap":{"0":{"start":{"line":6,"column":15},"end":{"line":17,"column":1}},"1":{"start":{"line":7,"column":2},"end":{"line":16,"column":4}},"2":{"start":{"line":19,"column":15},"end":{"line":30,"column":2}}},"fnMap":{"0":{"name":"(anonymous_0)","decl":{"start":{"line":6,"column":15},"end":{"line":6,"column":16}},"loc":{"start":{"line":7,"column":2},"end":{"line":16,"column":4}},"line":7}},"branchMap":{"0":{"loc":{"start":{"line":10,"column":6},"end":{"line":10,"column":70}},"type":"binary-expr","locations":[{"start":{"line":10,"column":6},"end":{"line":10,"column":25}},{"start":{"line":10,"column":29},"end":{"line":10,"column":70}}],"line":10}},"s":{"0":4,"1":0,"2":4},"f":{"0":0},"b":{"0":[0,0]},"_coverageSchema":"1a1c01bbd47fc00a2c39e90264f33305004495a9","hash":"f2b00b3baa16d26e9864843eb85130d88d3495f6"}
,"/Users/axel/Desktop/projet/Test-Idée/react-native-login-template/src/components/Header.js": {"path":"/Users/axel/Desktop/projet/Test-Idée/react-native-login-template/src/components/Header.js","statementMap":{"0":{"start":{"line":6,"column":15},"end":{"line":6,"column":67}},"1":{"start":{"line":6,"column":26},"end":{"line":6,"column":67}},"2":{"start":{"line":8,"column":15},"end":{"line":15,"column":2}}},"fnMap":{"0":{"name":"(anonymous_0)","decl":{"start":{"line":6,"column":15},"end":{"line":6,"column":16}},"loc":{"start":{"line":6,"column":26},"end":{"line":6,"column":67}},"line":6}},"branchMap":{},"s":{"0":4,"1":0,"2":4},"f":{"0":0},"b":{},"_coverageSchema":"1a1c01bbd47fc00a2c39e90264f33305004495a9","hash":"2a2b92f1e3f48c25563dc9b64977514d22698ce3"}
,"/Users/axel/Desktop/projet/Test-Idée/react-native-login-template/src/components/Logo.js": {"path":"/Users/axel/Desktop/projet/Test-Idée/react-native-login-template/src/components/Logo.js","statementMap":{"0":{"start":{"line":4,"column":13},"end":{"line":6,"column":1}},"1":{"start":{"line":5,"column":2},"end":{"line":5,"column":71}},"2":{"start":{"line":8,"column":15},"end":{"line":14,"column":2}}},"fnMap":{"0":{"name":"(anonymous_0)","decl":{"start":{"line":4,"column":13},"end":{"line":4,"column":14}},"loc":{"start":{"line":5,"column":2},"end":{"line":5,"column":71}},"line":5}},"branchMap":{},"s":{"0":1,"1":0,"2":1},"f":{"0":0},"b":{},"_coverageSchema":"1a1c01bbd47fc00a2c39e90264f33305004495a9","hash":"a531b66fafc9807959a3a78bb759ddc775e9a13b"}
,"/Users/axel/Desktop/projet/Test-Idée/react-native-login-template/src/components/TextInput.js": {"path":"/Users/axel/Desktop/projet/Test-Idée/react-native-login-template/src/components/TextInput.js","statementMap":{"0":{"start":{"line":6,"column":18},"end":{"line":21,"column":1}},"1":{"start":{"line":7,"column":2},"end":{"line":20,"column":9}},"2":{"start":{"line":23,"column":15},"end":{"line":41,"column":2}}},"fnMap":{"0":{"name":"(anonymous_0)","decl":{"start":{"line":6,"column":18},"end":{"line":6,"column":19}},"loc":{"start":{"line":7,"column":2},"end":{"line":20,"column":9}},"line":7}},"branchMap":{"0":{"loc":{"start":{"line":16,"column":5},"end":{"line":18,"column":12}},"type":"cond-expr","locations":[{"start":{"line":17,"column":6},"end":{"line":17,"column":59}},{"start":{"line":18,"column":8},"end":{"line":18,"column":12}}],"line":16},"1":{"loc":{"start":{"line":16,"column":5},"end":{"line":16,"column":30}},"type":"binary-expr","locations":[{"start":{"line":16,"column":5},"end":{"line":16,"column":16}},{"start":{"line":16,"column":20},"end":{"line":16,"column":30}}],"line":16},"2":{"loc":{"start":{"line":19,"column":5},"end":{"line":19,"column":69}},"type":"cond-expr","locations":[{"start":{"line":19,"column":17},"end":{"line":19,"column":62}},{"start":{"line":19,"column":65},"end":{"line":19,"column":69}}],"line":19}},"s":{"0":2,"1":0,"2":2},"f":{"0":0},"b":{"0":[0,0],"1":[0,0],"2":[0,0]},"_coverageSchema":"1a1c01bbd47fc00a2c39e90264f33305004495a9","hash":"91c48df7b45c3ff91e0d1139663ec42846fa40d1"}
,"/Users/axel/Desktop/projet/Test-Idée/react-native-login-template/src/components/VehiculeCard.js": {"path":"/Users/axel/Desktop/projet/Test-Idée/react-native-login-template/src/components/VehiculeCard.js","statementMap":{"0":{"start":{"line":6,"column":21},"end":{"line":41,"column":1}},"1":{"start":{"line":7,"column":4},"end":{"line":39,"column":12}},"2":{"start":{"line":10,"column":110},"end":{"line":10,"column":165}},"3":{"start":{"line":35,"column":69},"end":{"line":35,"column":117}},"4":{"start":{"line":47,"column":15},"end":{"line":76,"column":2}},"5":{"start":{"line":84,"column":4},"end":{"line":84,"column":86}},"6":{"start":{"line":86,"column":4},"end":{"line":86,"column":17}},"7":{"start":{"line":87,"column":4},"end":{"line":87,"column":17}},"8":{"start":{"line":88,"column":4},"end":{"line":88,"column":17}},"9":{"start":{"line":90,"column":4},"end":{"line":94,"column":6}},"10":{"start":{"line":97,"column":4},"end":{"line":104,"column":5}},"11":{"start":{"line":99,"column":8},"end":{"line":99,"column":23}},"12":{"start":{"line":103,"column":8},"end":{"line":103,"column":22}}},"fnMap":{"0":{"name":"(anonymous_0)","decl":{"start":{"line":6,"column":21},"end":{"line":6,"column":22}},"loc":{"start":{"line":7,"column":4},"end":{"line":39,"column":12}},"line":7},"1":{"name":"(anonymous_1)","decl":{"start":{"line":10,"column":104},"end":{"line":10,"column":105}},"loc":{"start":{"line":10,"column":110},"end":{"line":10,"column":165}},"line":10},"2":{"name":"(anonymous_2)","decl":{"start":{"line":35,"column":63},"end":{"line":35,"column":64}},"loc":{"start":{"line":35,"column":69},"end":{"line":35,"column":117}},"line":35},"3":{"name":"lightOrDark","decl":{"start":{"line":79,"column":9},"end":{"line":79,"column":20}},"loc":{"start":{"line":79,"column":28},"end":{"line":105,"column":1}},"line":79}},"branchMap":{"0":{"loc":{"start":{"line":10,"column":81},"end":{"line":10,"column":165}},"type":"cond-expr","locations":[{"start":{"line":10,"column":98},"end":{"line":10,"column":102}},{"start":{"line":10,"column":104},"end":{"line":10,"column":165}}],"line":10},"1":{"loc":{"start":{"line":23,"column":38},"end":{"line":23,"column":122}},"type":"cond-expr","locations":[{"start":{"line":23,"column":83},"end":{"line":23,"column":101}},{"start":{"line":23,"column":104},"end":{"line":23,"column":122}}],"line":23},"2":{"loc":{"start":{"line":24,"column":42},"end":{"line":24,"column":126}},"type":"cond-expr","locations":[{"start":{"line":24,"column":87},"end":{"line":24,"column":105}},{"start":{"line":24,"column":108},"end":{"line":24,"column":126}}],"line":24},"3":{"loc":{"start":{"line":25,"column":25},"end":{"line":25,"column":281}},"type":"cond-expr","locations":[{"start":{"line":25,"column":42},"end":{"line":25,"column":275}},{"start":{"line":25,"column":277},"end":{"line":25,"column":281}}],"line":25},"4":{"loc":{"start":{"line":25,"column":60},"end":{"line":25,"column":235}},"type":"cond-expr","locations":[{"start":{"line":25,"column":105},"end":{"line":25,"column":168}},{"start":{"line":25,"column":171},"end":{"line":25,"column":235}}],"line":25},"5":{"loc":{"start":{"line":28,"column":25},"end":{"line":28,"column":325}},"type":"cond-expr","locations":[{"start":{"line":28,"column":42},"end":{"line":28,"column":183}},{"start":{"line":28,"column":185},"end":{"line":28,"column":325}}],"line":28},"6":{"loc":{"start":{"line":28,"column":60},"end":{"line":28,"column":144}},"type":"cond-expr","locations":[{"start":{"line":28,"column":105},"end":{"line":28,"column":123}},{"start":{"line":28,"column":126},"end":{"line":28,"column":144}}],"line":28},"7":{"loc":{"start":{"line":28,"column":203},"end":{"line":28,"column":287}},"type":"cond-expr","locations":[{"start":{"line":28,"column":248},"end":{"line":28,"column":266}},{"start":{"line":28,"column":269},"end":{"line":28,"column":287}}],"line":28},"8":{"loc":{"start":{"line":35,"column":39},"end":{"line":35,"column":117}},"type":"cond-expr","locations":[{"start":{"line":35,"column":56},"end":{"line":35,"column":60}},{"start":{"line":35,"column":63},"end":{"line":35,"column":117}}],"line":35},"9":{"loc":{"start":{"line":36,"column":62},"end":{"line":36,"column":104}},"type":"cond-expr","locations":[{"start":{"line":36,"column":79},"end":{"line":36,"column":93}},{"start":{"line":36,"column":96},"end":{"line":36,"column":104}}],"line":36},"10":{"loc":{"start":{"line":97,"column":4},"end":{"line":104,"column":5}},"type":"if","locations":[{"start":{"line":97,"column":4},"end":{"line":104,"column":5}},{"start":{"line":97,"column":4},"end":{"line":104,"column":5}}],"line":97}},"s":{"0":3,"1":1,"2":1,"3":1,"4":3,"5":3,"6":3,"7":3,"8":3,"9":3,"10":3,"11":0,"12":3},"f":{"0":1,"1":1,"2":1,"3":3},"b":{"0":[0,1],"1":[1,0],"2":[1,0],"3":[0,1],"4":[0,0],"5":[0,1],"6":[0,0],"7":[1,0],"8":[0,1],"9":[0,1],"10":[0,3]},"_coverageSchema":"1a1c01bbd47fc00a2c39e90264f33305004495a9","hash":"d3944e86a3d80db2e67c61641d76a84d7bbfd90f"}
,"/Users/axel/Desktop/projet/Test-Idée/react-native-login-template/src/core/theme.js": {"path":"/Users/axel/Desktop/projet/Test-Idée/react-native-login-template/src/core/theme.js","statementMap":{"0":{"start":{"line":3,"column":21},"end":{"line":12,"column":1}}},"fnMap":{},"branchMap":{},"s":{"0":4},"f":{},"b":{},"_coverageSchema":"1a1c01bbd47fc00a2c39e90264f33305004495a9","hash":"b33a0b3df0b162587843566a3ee4f4fcca90f327"}
,"/Users/axel/Desktop/projet/Test-Idée/react-native-login-template/src/helpers/emailValidator.js": {"path":"/Users/axel/Desktop/projet/Test-Idée/react-native-login-template/src/helpers/emailValidator.js","statementMap":{"0":{"start":{"line":2,"column":13},"end":{"line":2,"column":27}},"1":{"start":{"line":3,"column":2},"end":{"line":3,"column":78}},"2":{"start":{"line":3,"column":35},"end":{"line":3,"column":78}},"3":{"start":{"line":4,"column":2},"end":{"line":4,"column":74}},"4":{"start":{"line":4,"column":23},"end":{"line":4,"column":74}},"5":{"start":{"line":5,"column":2},"end":{"line":5,"column":11}}},"fnMap":{"0":{"name":"emailValidator","decl":{"start":{"line":1,"column":16},"end":{"line":1,"column":30}},"loc":{"start":{"line":1,"column":38},"end":{"line":6,"column":1}},"line":1}},"branchMap":{"0":{"loc":{"start":{"line":3,"column":2},"end":{"line":3,"column":78}},"type":"if","locations":[{"start":{"line":3,"column":2},"end":{"line":3,"column":78}},{"start":{"line":3,"column":2},"end":{"line":3,"column":78}}],"line":3},"1":{"loc":{"start":{"line":3,"column":6},"end":{"line":3,"column":33}},"type":"binary-expr","locations":[{"start":{"line":3,"column":6},"end":{"line":3,"column":12}},{"start":{"line":3,"column":16},"end":{"line":3,"column":33}}],"line":3},"2":{"loc":{"start":{"line":4,"column":2},"end":{"line":4,"column":74}},"type":"if","locations":[{"start":{"line":4,"column":2},"end":{"line":4,"column":74}},{"start":{"line":4,"column":2},"end":{"line":4,"column":74}}],"line":4}},"s":{"0":3,"1":3,"2":1,"3":2,"4":1,"5":1},"f":{"0":3},"b":{"0":[1,2],"1":[3,2],"2":[1,1]},"_coverageSchema":"1a1c01bbd47fc00a2c39e90264f33305004495a9","hash":"177f0fbf766d9d6848c3945a9c8cc9c10ae18a38"}
,"/Users/axel/Desktop/projet/Test-Idée/react-native-login-template/src/helpers/nameValidator.js": {"path":"/Users/axel/Desktop/projet/Test-Idée/react-native-login-template/src/helpers/nameValidator.js","statementMap":{"0":{"start":{"line":2,"column":2},"end":{"line":2,"column":73}},"1":{"start":{"line":2,"column":33},"end":{"line":2,"column":73}},"2":{"start":{"line":3,"column":2},"end":{"line":3,"column":11}}},"fnMap":{"0":{"name":"nameValidator","decl":{"start":{"line":1,"column":16},"end":{"line":1,"column":29}},"loc":{"start":{"line":1,"column":36},"end":{"line":4,"column":1}},"line":1}},"branchMap":{"0":{"loc":{"start":{"line":2,"column":2},"end":{"line":2,"column":73}},"type":"if","locations":[{"start":{"line":2,"column":2},"end":{"line":2,"column":73}},{"start":{"line":2,"column":2},"end":{"line":2,"column":73}}],"line":2},"1":{"loc":{"start":{"line":2,"column":6},"end":{"line":2,"column":31}},"type":"binary-expr","locations":[{"start":{"line":2,"column":6},"end":{"line":2,"column":11}},{"start":{"line":2,"column":15},"end":{"line":2,"column":31}}],"line":2}},"s":{"0":2,"1":1,"2":1},"f":{"0":2},"b":{"0":[1,1],"1":[2,1]},"_coverageSchema":"1a1c01bbd47fc00a2c39e90264f33305004495a9","hash":"53f33af6884b70699852e9c664e3d1fb4c202fd1"}
,"/Users/axel/Desktop/projet/Test-Idée/react-native-login-template/src/helpers/phoneValidator.js": {"path":"/Users/axel/Desktop/projet/Test-Idée/react-native-login-template/src/helpers/phoneValidator.js","statementMap":{"0":{"start":{"line":2,"column":13},"end":{"line":2,"column":18}},"1":{"start":{"line":3,"column":2},"end":{"line":3,"column":89}},"2":{"start":{"line":3,"column":35},"end":{"line":3,"column":89}},"3":{"start":{"line":4,"column":2},"end":{"line":4,"column":78}},"4":{"start":{"line":4,"column":24},"end":{"line":4,"column":78}},"5":{"start":{"line":5,"column":2},"end":{"line":5,"column":71}},"6":{"start":{"line":5,"column":35},"end":{"line":5,"column":71}},"7":{"start":{"line":6,"column":2},"end":{"line":6,"column":11}}},"fnMap":{"0":{"name":"phoneValidator","decl":{"start":{"line":1,"column":16},"end":{"line":1,"column":30}},"loc":{"start":{"line":1,"column":38},"end":{"line":7,"column":1}},"line":1}},"branchMap":{"0":{"loc":{"start":{"line":3,"column":2},"end":{"line":3,"column":89}},"type":"if","locations":[{"start":{"line":3,"column":2},"end":{"line":3,"column":89}},{"start":{"line":3,"column":2},"end":{"line":3,"column":89}}],"line":3},"1":{"loc":{"start":{"line":3,"column":6},"end":{"line":3,"column":33}},"type":"binary-expr","locations":[{"start":{"line":3,"column":6},"end":{"line":3,"column":12}},{"start":{"line":3,"column":16},"end":{"line":3,"column":33}}],"line":3},"2":{"loc":{"start":{"line":4,"column":2},"end":{"line":4,"column":78}},"type":"if","locations":[{"start":{"line":4,"column":2},"end":{"line":4,"column":78}},{"start":{"line":4,"column":2},"end":{"line":4,"column":78}}],"line":4},"3":{"loc":{"start":{"line":5,"column":2},"end":{"line":5,"column":71}},"type":"if","locations":[{"start":{"line":5,"column":2},"end":{"line":5,"column":71}},{"start":{"line":5,"column":2},"end":{"line":5,"column":71}}],"line":5},"4":{"loc":{"start":{"line":5,"column":6},"end":{"line":5,"column":33}},"type":"binary-expr","locations":[{"start":{"line":5,"column":6},"end":{"line":5,"column":12}},{"start":{"line":5,"column":16},"end":{"line":5,"column":33}}],"line":5}},"s":{"0":4,"1":4,"2":1,"3":3,"4":1,"5":2,"6":1,"7":1},"f":{"0":4},"b":{"0":[1,3],"1":[4,3],"2":[1,2],"3":[1,1],"4":[2,2]},"_coverageSchema":"1a1c01bbd47fc00a2c39e90264f33305004495a9","hash":"2527203e6a9c7fbde491c86baa76c96873b8c3f2"}
,"/Users/axel/Desktop/projet/Test-Idée/react-native-login-template/src/screens/ConsultationDemandes.js": {"path":"/Users/axel/Desktop/projet/Test-Idée/react-native-login-template/src/screens/ConsultationDemandes.js","statementMap":{"0":{"start":{"line":17,"column":29},"end":{"line":114,"column":1}},"1":{"start":{"line":18,"column":30},"end":{"line":18,"column":64}},"2":{"start":{"line":19,"column":28},"end":{"line":19,"column":62}},"3":{"start":{"line":20,"column":24},"end":{"line":20,"column":61}},"4":{"start":{"line":22,"column":25},"end":{"line":82,"column":3}},"5":{"start":{"line":23,"column":24},"end":{"line":23,"column":51}},"6":{"start":{"line":24,"column":23},"end":{"line":24,"column":50}},"7":{"start":{"line":25,"column":4},"end":{"line":29,"column":5}},"8":{"start":{"line":26,"column":6},"end":{"line":26,"column":50}},"9":{"start":{"line":27,"column":6},"end":{"line":27,"column":47}},"10":{"start":{"line":28,"column":6},"end":{"line":28,"column":12}},"11":{"start":{"line":55,"column":4},"end":{"line":74,"column":8}},"12":{"start":{"line":63,"column":8},"end":{"line":69,"column":96}},"13":{"start":{"line":72,"column":8},"end":{"line":72,"column":26}},"14":{"start":{"line":73,"column":8},"end":{"line":73,"column":94}},"15":{"start":{"line":84,"column":2},"end":{"line":113,"column":3}},"16":{"start":{"line":93,"column":32},"end":{"line":93,"column":69}},"17":{"start":{"line":101,"column":32},"end":{"line":101,"column":68}},"18":{"start":{"line":116,"column":15},"end":{"line":140,"column":2}}},"fnMap":{"0":{"name":"(anonymous_0)","decl":{"start":{"line":17,"column":29},"end":{"line":17,"column":30}},"loc":{"start":{"line":17,"column":49},"end":{"line":114,"column":1}},"line":17},"1":{"name":"(anonymous_1)","decl":{"start":{"line":22,"column":25},"end":{"line":22,"column":26}},"loc":{"start":{"line":22,"column":37},"end":{"line":82,"column":3}},"line":22},"2":{"name":"(anonymous_2)","decl":{"start":{"line":61,"column":12},"end":{"line":61,"column":13}},"loc":{"start":{"line":61,"column":24},"end":{"line":70,"column":7}},"line":61},"3":{"name":"(anonymous_3)","decl":{"start":{"line":71,"column":13},"end":{"line":71,"column":14}},"loc":{"start":{"line":71,"column":30},"end":{"line":74,"column":7}},"line":71},"4":{"name":"(anonymous_4)","decl":{"start":{"line":93,"column":22},"end":{"line":93,"column":23}},"loc":{"start":{"line":93,"column":32},"end":{"line":93,"column":69}},"line":93},"5":{"name":"(anonymous_5)","decl":{"start":{"line":101,"column":22},"end":{"line":101,"column":23}},"loc":{"start":{"line":101,"column":32},"end":{"line":101,"column":68}},"line":101}},"branchMap":{"0":{"loc":{"start":{"line":25,"column":4},"end":{"line":29,"column":5}},"type":"if","locations":[{"start":{"line":25,"column":4},"end":{"line":29,"column":5}},{"start":{"line":25,"column":4},"end":{"line":29,"column":5}}],"line":25},"1":{"loc":{"start":{"line":25,"column":8},"end":{"line":25,"column":33}},"type":"binary-expr","locations":[{"start":{"line":25,"column":8},"end":{"line":25,"column":19}},{"start":{"line":25,"column":23},"end":{"line":25,"column":33}}],"line":25},"2":{"loc":{"start":{"line":63,"column":8},"end":{"line":69,"column":96}},"type":"cond-expr","locations":[{"start":{"line":64,"column":10},"end":{"line":67,"column":11}},{"start":{"line":69,"column":10},"end":{"line":69,"column":96}}],"line":63},"3":{"loc":{"start":{"line":107,"column":7},"end":{"line":107,"column":71}},"type":"cond-expr","locations":[{"start":{"line":107,"column":19},"end":{"line":107,"column":64}},{"start":{"line":107,"column":67},"end":{"line":107,"column":71}}],"line":107}},"s":{"0":1,"1":3,"2":3,"3":3,"4":3,"5":0,"6":0,"7":0,"8":0,"9":0,"10":0,"11":0,"12":0,"13":0,"14":0,"15":3,"16":1,"17":1,"18":1},"f":{"0":3,"1":0,"2":0,"3":0,"4":1,"5":1},"b":{"0":[0,0],"1":[0,0],"2":[0,0],"3":[0,3]},"_coverageSchema":"1a1c01bbd47fc00a2c39e90264f33305004495a9","hash":"459c39f13f19351005a2480ab4eeb148e67c1550"}
,"/Users/axel/Desktop/projet/Test-Idée/react-native-login-template/src/screens/Dashboard.js": {"path":"/Users/axel/Desktop/projet/Test-Idée/react-native-login-template/src/screens/Dashboard.js","statementMap":{"0":{"start":{"line":86,"column":4},"end":{"line":86,"column":17}},"1":{"start":{"line":87,"column":4},"end":{"line":93,"column":6}},"2":{"start":{"line":97,"column":22},"end":{"line":113,"column":3}},"3":{"start":{"line":103,"column":4},"end":{"line":112,"column":5}},"4":{"start":{"line":104,"column":6},"end":{"line":111,"column":10}},"5":{"start":{"line":107,"column":10},"end":{"line":107,"column":48}},"6":{"start":{"line":110,"column":10},"end":{"line":110,"column":29}},"7":{"start":{"line":121,"column":13},"end":{"line":123,"column":3}},"8":{"start":{"line":122,"column":4},"end":{"line":122,"column":54}},"9":{"start":{"line":127,"column":4},"end":{"line":169,"column":5}},"10":{"start":{"line":153,"column":14},"end":{"line":155,"column":21}},"11":{"start":{"line":154,"column":94},"end":{"line":154,"column":127}},"12":{"start":{"line":154,"column":141},"end":{"line":154,"column":187}},"13":{"start":{"line":163,"column":33},"end":{"line":163,"column":58}}},"fnMap":{"0":{"name":"(anonymous_0)","decl":{"start":{"line":85,"column":2},"end":{"line":85,"column":3}},"loc":{"start":{"line":85,"column":21},"end":{"line":94,"column":3}},"line":85},"1":{"name":"(anonymous_1)","decl":{"start":{"line":97,"column":22},"end":{"line":97,"column":23}},"loc":{"start":{"line":97,"column":34},"end":{"line":113,"column":3}},"line":97},"2":{"name":"(anonymous_2)","decl":{"start":{"line":106,"column":14},"end":{"line":106,"column":15}},"loc":{"start":{"line":106,"column":26},"end":{"line":108,"column":9}},"line":106},"3":{"name":"(anonymous_3)","decl":{"start":{"line":109,"column":15},"end":{"line":109,"column":16}},"loc":{"start":{"line":109,"column":32},"end":{"line":111,"column":9}},"line":109},"4":{"name":"(anonymous_4)","decl":{"start":{"line":121,"column":13},"end":{"line":121,"column":14}},"loc":{"start":{"line":121,"column":27},"end":{"line":123,"column":3}},"line":121},"5":{"name":"(anonymous_5)","decl":{"start":{"line":126,"column":2},"end":{"line":126,"column":3}},"loc":{"start":{"line":126,"column":11},"end":{"line":170,"column":3}},"line":126},"6":{"name":"(anonymous_6)","decl":{"start":{"line":152,"column":32},"end":{"line":152,"column":33}},"loc":{"start":{"line":153,"column":14},"end":{"line":155,"column":21}},"line":153},"7":{"name":"(anonymous_7)","decl":{"start":{"line":154,"column":88},"end":{"line":154,"column":89}},"loc":{"start":{"line":154,"column":94},"end":{"line":154,"column":127}},"line":154},"8":{"name":"(anonymous_8)","decl":{"start":{"line":154,"column":135},"end":{"line":154,"column":136}},"loc":{"start":{"line":154,"column":141},"end":{"line":154,"column":187}},"line":154},"9":{"name":"(anonymous_9)","decl":{"start":{"line":163,"column":27},"end":{"line":163,"column":28}},"loc":{"start":{"line":163,"column":33},"end":{"line":163,"column":58}},"line":163}},"branchMap":{"0":{"loc":{"start":{"line":103,"column":4},"end":{"line":112,"column":5}},"type":"if","locations":[{"start":{"line":103,"column":4},"end":{"line":112,"column":5}},{"start":{"line":103,"column":4},"end":{"line":112,"column":5}}],"line":103},"1":{"loc":{"start":{"line":151,"column":11},"end":{"line":158,"column":16}},"type":"cond-expr","locations":[{"start":{"line":152,"column":12},"end":{"line":156,"column":13}},{"start":{"line":158,"column":12},"end":{"line":158,"column":16}}],"line":151}},"s":{"0":1,"1":1,"2":1,"3":1,"4":0,"5":0,"6":0,"7":1,"8":0,"9":2,"10":2,"11":0,"12":0,"13":0},"f":{"0":1,"1":1,"2":0,"3":0,"4":0,"5":2,"6":2,"7":0,"8":0,"9":0},"b":{"0":[0,1],"1":[1,1]},"_coverageSchema":"1a1c01bbd47fc00a2c39e90264f33305004495a9","hash":"114ee3b6f8b79de7f1e72a7b15be79232c45d8c2"}
,"/Users/axel/Desktop/projet/Test-Idée/react-native-login-template/src/screens/InformationsScreen.js": {"path":"/Users/axel/Desktop/projet/Test-Idée/react-native-login-template/src/screens/InformationsScreen.js","statementMap":{"0":{"start":{"line":15,"column":27},"end":{"line":110,"column":1}},"1":{"start":{"line":16,"column":24},"end":{"line":16,"column":58}},"2":{"start":{"line":17,"column":30},"end":{"line":17,"column":64}},"3":{"start":{"line":18,"column":28},"end":{"line":18,"column":62}},"4":{"start":{"line":19,"column":28},"end":{"line":19,"column":62}},"5":{"start":{"line":22,"column":26},"end":{"line":57,"column":3}},"6":{"start":{"line":23,"column":22},"end":{"line":23,"column":49}},"7":{"start":{"line":24,"column":23},"end":{"line":24,"column":50}},"8":{"start":{"line":25,"column":23},"end":{"line":25,"column":50}},"9":{"start":{"line":26,"column":22},"end":{"line":26,"column":71}},"10":{"start":{"line":27,"column":4},"end":{"line":33,"column":5}},"11":{"start":{"line":28,"column":6},"end":{"line":28,"column":48}},"12":{"start":{"line":29,"column":6},"end":{"line":29,"column":42}},"13":{"start":{"line":30,"column":6},"end":{"line":30,"column":47}},"14":{"start":{"line":31,"column":6},"end":{"line":31,"column":47}},"15":{"start":{"line":32,"column":6},"end":{"line":32,"column":12}},"16":{"start":{"line":34,"column":21},"end":{"line":34,"column":41}},"17":{"start":{"line":36,"column":4},"end":{"line":54,"column":9}},"18":{"start":{"line":46,"column":8},"end":{"line":46,"column":37}},"19":{"start":{"line":47,"column":8},"end":{"line":50,"column":9}},"20":{"start":{"line":51,"column":8},"end":{"line":51,"column":30}},"21":{"start":{"line":53,"column":8},"end":{"line":53,"column":27}},"22":{"start":{"line":59,"column":2},"end":{"line":109,"column":3}},"23":{"start":{"line":68,"column":32},"end":{"line":68,"column":66}},"24":{"start":{"line":76,"column":32},"end":{"line":76,"column":69}},"25":{"start":{"line":84,"column":32},"end":{"line":84,"column":68}},"26":{"start":{"line":96,"column":32},"end":{"line":96,"column":68}}},"fnMap":{"0":{"name":"(anonymous_0)","decl":{"start":{"line":15,"column":27},"end":{"line":15,"column":28}},"loc":{"start":{"line":15,"column":54},"end":{"line":110,"column":1}},"line":15},"1":{"name":"(anonymous_1)","decl":{"start":{"line":22,"column":26},"end":{"line":22,"column":27}},"loc":{"start":{"line":22,"column":38},"end":{"line":57,"column":3}},"line":22},"2":{"name":"(anonymous_2)","decl":{"start":{"line":45,"column":12},"end":{"line":45,"column":13}},"loc":{"start":{"line":45,"column":26},"end":{"line":52,"column":7}},"line":45},"3":{"name":"(anonymous_3)","decl":{"start":{"line":52,"column":9},"end":{"line":52,"column":10}},"loc":{"start":{"line":52,"column":20},"end":{"line":54,"column":7}},"line":52},"4":{"name":"(anonymous_4)","decl":{"start":{"line":68,"column":22},"end":{"line":68,"column":23}},"loc":{"start":{"line":68,"column":32},"end":{"line":68,"column":66}},"line":68},"5":{"name":"(anonymous_5)","decl":{"start":{"line":76,"column":22},"end":{"line":76,"column":23}},"loc":{"start":{"line":76,"column":32},"end":{"line":76,"column":69}},"line":76},"6":{"name":"(anonymous_6)","decl":{"start":{"line":84,"column":22},"end":{"line":84,"column":23}},"loc":{"start":{"line":84,"column":32},"end":{"line":84,"column":68}},"line":84},"7":{"name":"(anonymous_7)","decl":{"start":{"line":96,"column":22},"end":{"line":96,"column":23}},"loc":{"start":{"line":96,"column":32},"end":{"line":96,"column":68}},"line":96}},"branchMap":{"0":{"loc":{"start":{"line":27,"column":4},"end":{"line":33,"column":5}},"type":"if","locations":[{"start":{"line":27,"column":4},"end":{"line":33,"column":5}},{"start":{"line":27,"column":4},"end":{"line":33,"column":5}}],"line":27},"1":{"loc":{"start":{"line":27,"column":8},"end":{"line":27,"column":45}},"type":"binary-expr","locations":[{"start":{"line":27,"column":8},"end":{"line":27,"column":18}},{"start":{"line":27,"column":22},"end":{"line":27,"column":32}},{"start":{"line":27,"column":36},"end":{"line":27,"column":45}}],"line":27}},"s":{"0":1,"1":5,"2":5,"3":5,"4":5,"5":5,"6":0,"7":0,"8":0,"9":0,"10":0,"11":0,"12":0,"13":0,"14":0,"15":0,"16":0,"17":0,"18":0,"19":0,"20":0,"21":0,"22":5,"23":1,"24":1,"25":1,"26":1},"f":{"0":5,"1":0,"2":0,"3":0,"4":1,"5":1,"6":1,"7":1},"b":{"0":[0,0],"1":[0,0,0]},"_coverageSchema":"1a1c01bbd47fc00a2c39e90264f33305004495a9","hash":"a1e3d73e490d55781f8a6430209a55422c54e424"}
,"/Users/axel/Desktop/projet/Test-Idée/react-native-login-template/src/screens/Reservation.js": {"path":"/Users/axel/Desktop/projet/Test-Idée/react-native-login-template/src/screens/Reservation.js","statementMap":{"0":{"start":{"line":19,"column":4},"end":{"line":19,"column":17}},"1":{"start":{"line":20,"column":4},"end":{"line":26,"column":6}},"2":{"start":{"line":31,"column":13},"end":{"line":33,"column":3}},"3":{"start":{"line":32,"column":4},"end":{"line":32,"column":54}},"4":{"start":{"line":37,"column":4},"end":{"line":75,"column":5}},"5":{"start":{"line":59,"column":14},"end":{"line":61,"column":21}},"6":{"start":{"line":60,"column":114},"end":{"line":60,"column":147}},"7":{"start":{"line":60,"column":161},"end":{"line":60,"column":207}}},"fnMap":{"0":{"name":"(anonymous_0)","decl":{"start":{"line":18,"column":2},"end":{"line":18,"column":3}},"loc":{"start":{"line":18,"column":21},"end":{"line":27,"column":3}},"line":18},"1":{"name":"(anonymous_1)","decl":{"start":{"line":31,"column":13},"end":{"line":31,"column":14}},"loc":{"start":{"line":31,"column":27},"end":{"line":33,"column":3}},"line":31},"2":{"name":"(anonymous_2)","decl":{"start":{"line":36,"column":2},"end":{"line":36,"column":3}},"loc":{"start":{"line":36,"column":11},"end":{"line":76,"column":3}},"line":36},"3":{"name":"(anonymous_3)","decl":{"start":{"line":58,"column":45},"end":{"line":58,"column":46}},"loc":{"start":{"line":59,"column":14},"end":{"line":61,"column":21}},"line":59},"4":{"name":"(anonymous_4)","decl":{"start":{"line":60,"column":108},"end":{"line":60,"column":109}},"loc":{"start":{"line":60,"column":114},"end":{"line":60,"column":147}},"line":60},"5":{"name":"(anonymous_5)","decl":{"start":{"line":60,"column":155},"end":{"line":60,"column":156}},"loc":{"start":{"line":60,"column":161},"end":{"line":60,"column":207}},"line":60}},"branchMap":{"0":{"loc":{"start":{"line":57,"column":11},"end":{"line":64,"column":16}},"type":"cond-expr","locations":[{"start":{"line":58,"column":12},"end":{"line":62,"column":13}},{"start":{"line":64,"column":12},"end":{"line":64,"column":16}}],"line":57}},"s":{"0":1,"1":1,"2":1,"3":0,"4":1,"5":2,"6":0,"7":0},"f":{"0":1,"1":0,"2":1,"3":2,"4":0,"5":0},"b":{"0":[1,0]},"_coverageSchema":"1a1c01bbd47fc00a2c39e90264f33305004495a9","hash":"e9715e3a88196642dce3c3aaccd90957dc8b84c0"}
}
