TN:
SF:src/assets/arrow_back.png
FNF:0
FNH:0
DA:1,1
LF:1
LH:1
BRF:0
BRH:0
end_of_record
TN:
SF:src/components/BackButton.js
FN:7,(anonymous_0)
FNF:1
FNH:1
FNDA:1,(anonymous_0)
DA:7,4
DA:8,1
DA:20,4
LF:3
LH:3
BRDA:11,0,0,0
BRDA:11,0,1,1
BRF:2
BRH:1
end_of_record
TN:
SF:src/components/Background.js
FN:5,(anonymous_0)
FNF:1
FNH:0
FNDA:0,(anonymous_0)
DA:5,4
DA:6,0
DA:18,4
LF:3
LH:2
BRDA:11,0,0,0
BRDA:11,0,1,0
BRF:2
BRH:0
end_of_record
TN:
SF:src/components/Button.js
FN:6,(anonymous_0)
FNF:1
FNH:0
FNDA:0,(anonymous_0)
DA:6,4
DA:7,0
DA:19,4
LF:3
LH:2
BRDA:10,0,0,0
BRDA:10,0,1,0
BRF:2
BRH:0
end_of_record
TN:
SF:src/components/Header.js
FN:6,(anonymous_0)
FNF:1
FNH:0
FNDA:0,(anonymous_0)
DA:6,4
DA:8,4
LF:2
LH:2
BRF:0
BRH:0
end_of_record
TN:
SF:src/components/Logo.js
FN:4,(anonymous_0)
FNF:1
FNH:0
FNDA:0,(anonymous_0)
DA:4,1
DA:5,0
DA:8,1
LF:3
LH:2
BRF:0
BRH:0
end_of_record
TN:
SF:src/components/TextInput.js
FN:6,(anonymous_0)
FNF:1
FNH:0
FNDA:0,(anonymous_0)
DA:6,2
DA:7,0
DA:23,2
LF:3
LH:2
BRDA:16,0,0,0
BRDA:16,0,1,0
BRDA:16,1,0,0
BRDA:16,1,1,0
BRDA:19,2,0,0
BRDA:19,2,1,0
BRF:6
BRH:0
end_of_record
TN:
SF:src/components/VehiculeCard.js
FN:6,(anonymous_0)
FN:10,(anonymous_1)
FN:35,(anonymous_2)
FN:79,lightOrDark
FNF:4
FNH:4
FNDA:1,(anonymous_0)
FNDA:1,(anonymous_1)
FNDA:1,(anonymous_2)
FNDA:3,lightOrDark
DA:6,3
DA:7,1
DA:10,1
DA:35,1
DA:47,3
DA:84,3
DA:86,3
DA:87,3
DA:88,3
DA:90,3
DA:97,3
DA:99,0
DA:103,3
LF:13
LH:12
BRDA:10,0,0,0
BRDA:10,0,1,1
BRDA:23,1,0,1
BRDA:23,1,1,0
BRDA:24,2,0,1
BRDA:24,2,1,0
BRDA:25,3,0,0
BRDA:25,3,1,1
BRDA:25,4,0,0
BRDA:25,4,1,0
BRDA:28,5,0,0
BRDA:28,5,1,1
BRDA:28,6,0,0
BRDA:28,6,1,0
BRDA:28,7,0,1
BRDA:28,7,1,0
BRDA:35,8,0,0
BRDA:35,8,1,1
BRDA:36,9,0,0
BRDA:36,9,1,1
BRDA:97,10,0,0
BRDA:97,10,1,3
BRF:22
BRH:9
end_of_record
TN:
SF:src/core/theme.js
FNF:0
FNH:0
DA:3,4
LF:1
LH:1
BRF:0
BRH:0
end_of_record
TN:
SF:src/helpers/emailValidator.js
FN:1,emailValidator
FNF:1
FNH:1
FNDA:3,emailValidator
DA:2,3
DA:3,3
DA:4,2
DA:5,1
LF:4
LH:4
BRDA:3,0,0,1
BRDA:3,0,1,2
BRDA:3,1,0,3
BRDA:3,1,1,2
BRDA:4,2,0,1
BRDA:4,2,1,1
BRF:6
BRH:6
end_of_record
TN:
SF:src/helpers/nameValidator.js
FN:1,nameValidator
FNF:1
FNH:1
FNDA:2,nameValidator
DA:2,2
DA:3,1
LF:2
LH:2
BRDA:2,0,0,1
BRDA:2,0,1,1
BRDA:2,1,0,2
BRDA:2,1,1,1
BRF:4
BRH:4
end_of_record
TN:
SF:src/helpers/phoneValidator.js
FN:1,phoneValidator
FNF:1
FNH:1
FNDA:4,phoneValidator
DA:2,4
DA:3,4
DA:4,3
DA:5,2
DA:6,1
LF:5
LH:5
BRDA:3,0,0,1
BRDA:3,0,1,3
BRDA:3,1,0,4
BRDA:3,1,1,3
BRDA:4,2,0,1
BRDA:4,2,1,2
BRDA:5,3,0,1
BRDA:5,3,1,1
BRDA:5,4,0,2
BRDA:5,4,1,2
BRF:10
BRH:10
end_of_record
TN:
SF:src/screens/ConsultationDemandes.js
FN:17,(anonymous_0)
FN:22,(anonymous_1)
FN:61,(anonymous_2)
FN:71,(anonymous_3)
FN:93,(anonymous_4)
FN:101,(anonymous_5)
FNF:6
FNH:3
FNDA:3,(anonymous_0)
FNDA:0,(anonymous_1)
FNDA:0,(anonymous_2)
FNDA:0,(anonymous_3)
FNDA:1,(anonymous_4)
FNDA:1,(anonymous_5)
DA:17,1
DA:18,3
DA:19,3
DA:20,3
DA:22,3
DA:23,0
DA:24,0
DA:25,0
DA:26,0
DA:27,0
DA:28,0
DA:55,0
DA:63,0
DA:72,0
DA:73,0
DA:84,3
DA:93,1
DA:101,1
DA:116,1
LF:19
LH:9
BRDA:25,0,0,0
BRDA:25,0,1,0
BRDA:25,1,0,0
BRDA:25,1,1,0
BRDA:63,2,0,0
BRDA:63,2,1,0
BRDA:107,3,0,0
BRDA:107,3,1,3
BRF:8
BRH:1
end_of_record
TN:
SF:src/screens/Dashboard.js
FN:85,(anonymous_0)
FN:97,(anonymous_1)
FN:106,(anonymous_2)
FN:109,(anonymous_3)
FN:121,(anonymous_4)
FN:126,(anonymous_5)
FN:152,(anonymous_6)
FN:154,(anonymous_7)
FN:154,(anonymous_8)
FN:163,(anonymous_9)
FNF:10
FNH:4
FNDA:1,(anonymous_0)
FNDA:1,(anonymous_1)
FNDA:0,(anonymous_2)
FNDA:0,(anonymous_3)
FNDA:0,(anonymous_4)
FNDA:2,(anonymous_5)
FNDA:2,(anonymous_6)
FNDA:0,(anonymous_7)
FNDA:0,(anonymous_8)
FNDA:0,(anonymous_9)
DA:86,1
DA:87,1
DA:97,1
DA:103,1
DA:104,0
DA:107,0
DA:110,0
DA:121,1
DA:122,0
DA:127,2
DA:153,2
DA:154,0
DA:163,0
LF:13
LH:7
BRDA:103,0,0,0
BRDA:103,0,1,1
BRDA:151,1,0,1
BRDA:151,1,1,1
BRF:4
BRH:3
end_of_record
TN:
SF:src/screens/InformationsScreen.js
FN:15,(anonymous_0)
FN:22,(anonymous_1)
FN:45,(anonymous_2)
FN:52,(anonymous_3)
FN:68,(anonymous_4)
FN:76,(anonymous_5)
FN:84,(anonymous_6)
FN:96,(anonymous_7)
FNF:8
FNH:5
FNDA:5,(anonymous_0)
FNDA:0,(anonymous_1)
FNDA:0,(anonymous_2)
FNDA:0,(anonymous_3)
FNDA:1,(anonymous_4)
FNDA:1,(anonymous_5)
FNDA:1,(anonymous_6)
FNDA:1,(anonymous_7)
DA:15,1
DA:16,5
DA:17,5
DA:18,5
DA:19,5
DA:22,5
DA:23,0
DA:24,0
DA:25,0
DA:26,0
DA:27,0
DA:28,0
DA:29,0
DA:30,0
DA:31,0
DA:32,0
DA:34,0
DA:36,0
DA:46,0
DA:47,0
DA:51,0
DA:53,0
DA:59,5
DA:68,1
DA:76,1
DA:84,1
DA:96,1
LF:27
LH:11
BRDA:27,0,0,0
BRDA:27,0,1,0
BRDA:27,1,0,0
BRDA:27,1,1,0
BRDA:27,1,2,0
BRF:5
BRH:0
end_of_record
TN:
SF:src/screens/Reservation.js
FN:18,(anonymous_0)
FN:31,(anonymous_1)
FN:36,(anonymous_2)
FN:58,(anonymous_3)
FN:60,(anonymous_4)
FN:60,(anonymous_5)
FNF:6
FNH:3
FNDA:1,(anonymous_0)
FNDA:0,(anonymous_1)
FNDA:1,(anonymous_2)
FNDA:2,(anonymous_3)
FNDA:0,(anonymous_4)
FNDA:0,(anonymous_5)
DA:19,1
DA:20,1
DA:31,1
DA:32,0
DA:37,1
DA:59,2
DA:60,0
LF:7
LH:5
BRDA:57,0,0,1
BRDA:57,0,1,0
BRF:2
BRH:1
end_of_record
