TN:
SF:src/assets/arrow_back.png
FNF:0
FNH:0
DA:1,1
LF:1
LH:1
BRF:0
BRH:0
end_of_record
TN:
SF:src/components/BackButton.js
FN:7,(anonymous_0)
FNF:1
FNH:1
FNDA:1,(anonymous_0)
DA:7,2
DA:8,1
DA:20,2
LF:3
LH:3
BRDA:11,0,0,0
BRDA:11,0,1,1
BRF:2
BRH:1
end_of_record
TN:
SF:src/components/Background.js
FN:5,(anonymous_0)
FNF:1
FNH:0
FNDA:0,(anonymous_0)
DA:5,2
DA:6,0
DA:18,2
LF:3
LH:2
BRDA:11,0,0,0
BRDA:11,0,1,0
BRF:2
BRH:0
end_of_record
TN:
SF:src/components/Button.js
FN:6,(anonymous_0)
FNF:1
FNH:0
FNDA:0,(anonymous_0)
DA:6,1
DA:7,0
DA:19,1
LF:3
LH:2
BRDA:10,0,0,0
BRDA:10,0,1,0
BRF:2
BRH:0
end_of_record
TN:
SF:src/components/Header.js
FN:6,(anonymous_0)
FNF:1
FNH:0
FNDA:0,(anonymous_0)
DA:6,2
DA:8,2
LF:2
LH:2
BRF:0
BRH:0
end_of_record
TN:
SF:src/components/TextInput.js
FN:6,(anonymous_0)
FNF:1
FNH:0
FNDA:0,(anonymous_0)
DA:6,1
DA:7,0
DA:23,1
LF:3
LH:2
BRDA:16,0,0,0
BRDA:16,0,1,0
BRDA:16,1,0,0
BRDA:16,1,1,0
BRDA:19,2,0,0
BRDA:19,2,1,0
BRF:6
BRH:0
end_of_record
TN:
SF:src/components/VehiculeCard.js
FN:6,(anonymous_0)
FN:8,(anonymous_1)
FN:12,(anonymous_2)
FN:36,(anonymous_3)
FN:80,lightOrDark
FNF:5
FNH:4
FNDA:0,(anonymous_0)
FNDA:3,(anonymous_1)
FNDA:1,(anonymous_2)
FNDA:1,(anonymous_3)
FNDA:9,lightOrDark
DA:6,2
DA:8,2
DA:9,3
DA:12,1
DA:36,1
DA:48,2
DA:85,9
DA:87,9
DA:88,9
DA:89,9
DA:91,9
DA:98,9
DA:100,0
DA:104,9
LF:14
LH:13
BRDA:25,0,0,3
BRDA:25,0,1,0
BRDA:26,1,0,3
BRDA:26,1,1,0
BRDA:29,2,0,3
BRDA:29,2,1,0
BRDA:98,3,0,0
BRDA:98,3,1,9
BRF:8
BRH:4
end_of_record
TN:
SF:src/core/theme.js
FNF:0
FNH:0
DA:3,2
LF:1
LH:1
BRF:0
BRH:0
end_of_record
TN:
SF:src/helpers/emailValidator.js
FN:1,emailValidator
FNF:1
FNH:0
FNDA:0,emailValidator
DA:2,0
DA:3,0
DA:4,0
DA:5,0
LF:4
LH:0
BRDA:3,0,0,0
BRDA:3,0,1,0
BRDA:3,1,0,0
BRDA:3,1,1,0
BRDA:4,2,0,0
BRDA:4,2,1,0
BRF:6
BRH:0
end_of_record
TN:
SF:src/helpers/nameValidator.js
FN:1,nameValidator
FNF:1
FNH:0
FNDA:0,nameValidator
DA:2,0
DA:3,0
LF:2
LH:0
BRDA:2,0,0,0
BRDA:2,0,1,0
BRDA:2,1,0,0
BRDA:2,1,1,0
BRF:4
BRH:0
end_of_record
TN:
SF:src/helpers/phoneValidator.js
FN:1,phoneValidator
FNF:1
FNH:0
FNDA:0,phoneValidator
DA:2,0
DA:3,0
DA:4,0
DA:5,0
DA:6,0
DA:7,0
DA:8,0
LF:7
LH:0
BRDA:4,0,0,0
BRDA:4,0,1,0
BRDA:4,1,0,0
BRDA:4,1,1,0
BRDA:5,2,0,0
BRDA:5,2,1,0
BRDA:6,3,0,0
BRDA:6,3,1,0
BRDA:7,4,0,0
BRDA:7,4,1,0
BRDA:7,5,0,0
BRDA:7,5,1,0
BRF:12
BRH:0
end_of_record
TN:
SF:src/screens/Dashboard.js
FN:85,(anonymous_0)
FN:97,(anonymous_1)
FN:110,(anonymous_2)
FN:115,(anonymous_3)
FN:141,(anonymous_4)
FN:143,(anonymous_5)
FN:143,(anonymous_6)
FNF:7
FNH:4
FNDA:1,(anonymous_0)
FNDA:1,(anonymous_1)
FNDA:0,(anonymous_2)
FNDA:2,(anonymous_3)
FNDA:2,(anonymous_4)
FNDA:0,(anonymous_5)
FNDA:0,(anonymous_6)
DA:86,1
DA:87,1
DA:97,1
DA:99,1
DA:100,0
DA:110,1
DA:111,0
DA:116,2
DA:142,2
DA:143,0
LF:10
LH:7
BRDA:140,0,0,1
BRDA:140,0,1,1
BRF:2
BRH:2
end_of_record
TN:
SF:src/screens/InformationsScreen.js
FN:15,(anonymous_0)
FN:22,(anonymous_1)
FN:44,(anonymous_2)
FN:51,(anonymous_3)
FN:67,(anonymous_4)
FN:75,(anonymous_5)
FN:83,(anonymous_6)
FN:95,(anonymous_7)
FNF:8
FNH:1
FNDA:1,(anonymous_0)
FNDA:0,(anonymous_1)
FNDA:0,(anonymous_2)
FNDA:0,(anonymous_3)
FNDA:0,(anonymous_4)
FNDA:0,(anonymous_5)
FNDA:0,(anonymous_6)
FNDA:0,(anonymous_7)
DA:15,1
DA:16,1
DA:17,1
DA:18,1
DA:19,1
DA:22,1
DA:23,0
DA:24,0
DA:25,0
DA:26,0
DA:27,0
DA:28,0
DA:29,0
DA:30,0
DA:31,0
DA:32,0
DA:35,0
DA:45,0
DA:46,0
DA:50,0
DA:52,0
DA:58,1
DA:67,0
DA:75,0
DA:83,0
DA:95,0
LF:26
LH:7
BRDA:27,0,0,0
BRDA:27,0,1,0
BRDA:27,1,0,0
BRDA:27,1,1,0
BRDA:27,1,2,0
BRF:5
BRH:0
end_of_record
